2023-01-02 22:03:09,777 [INFO] Activator:179 - 


2023-01-02 22:03:09,779 [INFO] Activator:180 - !SESSION log4j initialized
2023-01-02 22:03:11,364 [ERROR] LogOutputStream:74 - [STDERR_REDIRECT] 
2023-01-02 22:03:34,938 [ERROR] LogOutputStream:74 - [STDERR_REDIRECT] SLF4J: Failed to load class "org.slf4j.impl.StaticLoggerBinder".
2023-01-02 22:03:34,939 [ERROR] LogOutputStream:74 - [STDERR_REDIRECT] SLF4J: Defaulting to no-operation (NOP) logger implementation
2023-01-02 22:03:34,939 [ERROR] LogOutputStream:74 - [STDERR_REDIRECT] SLF4J: See http://www.slf4j.org/codes.html#StaticLoggerBinder for further details.
2023-01-02 22:05:15,520 [INFO] Activator:179 - 


2023-01-02 22:05:15,521 [INFO] Activator:180 - !SESSION log4j initialized
2023-01-02 22:05:17,658 [ERROR] LogOutputStream:74 - [STDERR_REDIRECT] 
2023-01-02 22:05:41,368 [ERROR] LogOutputStream:74 - [STDERR_REDIRECT] SLF4J: Failed to load class "org.slf4j.impl.StaticLoggerBinder".
2023-01-02 22:05:41,369 [ERROR] LogOutputStream:74 - [STDERR_REDIRECT] SLF4J: Defaulting to no-operation (NOP) logger implementation
2023-01-02 22:05:41,369 [ERROR] LogOutputStream:74 - [STDERR_REDIRECT] SLF4J: See http://www.slf4j.org/codes.html#StaticLoggerBinder for further details.
2023-02-08 17:59:25,276 [INFO] Activator:179 - 


2023-02-08 17:59:25,278 [INFO] Activator:180 - !SESSION log4j initialized
2023-02-08 17:59:28,739 [ERROR] LogOutputStream:74 - [STDERR_REDIRECT] 
2023-02-08 17:59:52,623 [ERROR] LogOutputStream:74 - [STDERR_REDIRECT] SLF4J: Failed to load class "org.slf4j.impl.StaticLoggerBinder".
2023-02-08 17:59:52,623 [ERROR] LogOutputStream:74 - [STDERR_REDIRECT] SLF4J: Defaulting to no-operation (NOP) logger implementation
2023-02-08 17:59:52,623 [ERROR] LogOutputStream:74 - [STDERR_REDIRECT] SLF4J: See http://www.slf4j.org/codes.html#StaticLoggerBinder for further details.
2023-02-08 17:59:56,838 [INFO] McuFinderGlobals:52 - Set McuFinder mode to 2 (CubeIDE integrated)
2023-02-08 17:59:56,969 [INFO] ApplicationProperties:181 - Using Application install path: /Applications/STM32CubeIDE.app/Contents/Eclipse/plugins/com.st.stm32cube.common.mx_6.7.0.202211181646
2023-02-08 17:59:56,984 [INFO] DbMcusXml:77 - Set database path to: /Applications/STM32CubeIDE.app/Contents/Eclipse/plugins/com.st.stm32cube.common.mx_6.7.0.202211181646//db//mcu/
2023-02-08 17:59:56,985 [INFO] ApiDb:273 - Set plugin database path to: /Applications/STM32CubeIDE.app/Contents/Eclipse/plugins/com.st.stm32cube.common.mx_6.7.0.202211181646//db//plugins/boardmanager/
2023-02-08 17:59:57,000 [WARN] ApiDb:258 - Overriding images path with different value:  => /Applications/STM32CubeIDE.app/Contents/Eclipse/plugins/com.st.stm32cube.common.mx_6.7.0.202211181646//db//plugins/mcufinder/images/
2023-02-08 17:59:57,028 [INFO] ApiDb:249 - Set database path to: /Users/seokhun/.stmcufinder/plugins/mcufinder//mcu/
2023-02-08 17:59:57,029 [INFO] DbMcusAds:124 - Set database path to: /Users/seokhun/.stmcufinder/plugins/mcufinder//mcu/
2023-02-08 17:59:57,033 [INFO] CrossReferenceDbSqlite:202 - Set database path to: /Users/seokhun/.stmcufinder/plugins/mcufinder//mcu/cs/
2023-02-08 17:59:57,321 [INFO] RulesReader:61 - Compatibility file has been processed (283 Rules)
2023-02-08 17:59:57,424 [INFO] DbMcusXml:77 - Set database path to: /Applications/STM32CubeIDE.app/Contents/Eclipse/plugins/com.st.stm32cube.common.mx_6.7.0.202211181646//db//mcu/
2023-02-08 17:59:57,424 [INFO] ApiDb:273 - Set plugin database path to: /Applications/STM32CubeIDE.app/Contents/Eclipse/plugins/com.st.stm32cube.common.mx_6.7.0.202211181646//db//plugins/boardmanager/
2023-02-08 17:59:57,428 [INFO] ApiDb:260 - Set plugin images path to: /Applications/STM32CubeIDE.app/Contents/Eclipse/plugins/com.st.stm32cube.common.mx_6.7.0.202211181646//db//plugins/mcufinder/images/
2023-02-08 17:59:57,430 [WARN] DbFile:40 - Overriding database path with different value: /Users/seokhun/.stmcufinder/plugins/mcufinder/ => /Users/seokhun/.stmcufinder/plugins/mcufinder
2023-02-08 17:59:57,430 [INFO] ApiDb:249 - Set database path to: /Users/seokhun/.stmcufinder/plugins/mcufinder//mcu/
2023-02-08 17:59:57,430 [WARN] DbFile:40 - Overriding database path with different value: /Users/seokhun/.stmcufinder/plugins/mcufinder/ => /Users/seokhun/.stmcufinder/plugins/mcufinder
2023-02-08 17:59:57,430 [INFO] DbMcusAds:124 - Set database path to: /Users/seokhun/.stmcufinder/plugins/mcufinder//mcu/
2023-02-08 17:59:57,432 [WARN] DbFile:40 - Overriding database path with different value: /Users/seokhun/.stmcufinder/plugins/mcufinder/ => /Users/seokhun/.stmcufinder/plugins/mcufinder
2023-02-08 17:59:57,433 [WARN] DbFile:40 - Overriding database path with different value: /Users/seokhun/.stmcufinder/plugins/mcufinder/ => /Users/seokhun/.stmcufinder/plugins/mcufinder
2023-02-08 17:59:57,433 [INFO] CrossReferenceDbSqlite:202 - Set database path to: /Users/seokhun/.stmcufinder/plugins/mcufinder//mcu/cs/
2023-02-08 17:59:57,579 [INFO] MainPanel:252 - HeapMemory: 268435456
2023-02-08 17:59:57,765 [INFO] DbMcusXml:77 - Set database path to: /Applications/STM32CubeIDE.app/Contents/Eclipse/plugins/com.st.stm32cube.common.mx_6.7.0.202211181646//db//mcu/
2023-02-08 17:59:57,768 [INFO] ApiDb:273 - Set plugin database path to: /Applications/STM32CubeIDE.app/Contents/Eclipse/plugins/com.st.stm32cube.common.mx_6.7.0.202211181646//db//plugins/boardmanager/
2023-02-08 17:59:57,770 [INFO] ApiDb:260 - Set plugin images path to: /Applications/STM32CubeIDE.app/Contents/Eclipse/plugins/com.st.stm32cube.common.mx_6.7.0.202211181646//db//plugins/mcufinder/images/
2023-02-08 17:59:57,770 [WARN] DbFile:40 - Overriding database path with different value: /Users/seokhun/.stmcufinder/plugins/mcufinder/ => /Users/seokhun/.stmcufinder/plugins/mcufinder
2023-02-08 17:59:57,771 [INFO] ApiDb:249 - Set database path to: /Users/seokhun/.stmcufinder/plugins/mcufinder//mcu/
2023-02-08 17:59:57,771 [WARN] DbFile:40 - Overriding database path with different value: /Users/seokhun/.stmcufinder/plugins/mcufinder/ => /Users/seokhun/.stmcufinder/plugins/mcufinder
2023-02-08 17:59:57,771 [INFO] DbMcusAds:124 - Set database path to: /Users/seokhun/.stmcufinder/plugins/mcufinder//mcu/
2023-02-08 17:59:57,771 [WARN] DbFile:40 - Overriding database path with different value: /Users/seokhun/.stmcufinder/plugins/mcufinder/ => /Users/seokhun/.stmcufinder/plugins/mcufinder
2023-02-08 17:59:57,771 [WARN] DbFile:40 - Overriding database path with different value: /Users/seokhun/.stmcufinder/plugins/mcufinder/ => /Users/seokhun/.stmcufinder/plugins/mcufinder
2023-02-08 17:59:57,771 [INFO] CrossReferenceDbSqlite:202 - Set database path to: /Users/seokhun/.stmcufinder/plugins/mcufinder//mcu/cs/
2023-02-08 17:59:57,813 [INFO] ApplicationProperties:181 - Using Application install path: /Applications/STM32CubeIDE.app/Contents/Eclipse/plugins/com.st.stm32cube.common.mx_6.7.0.202211181646
2023-02-08 17:59:57,818 [INFO] PluginManage:193 - Search for loadable plugins [exclusion list=, ]
2023-02-08 17:59:57,822 [INFO] PluginManage:307 - Check plugin analytics
2023-02-08 17:59:58,061 [INFO] AnalyticsPlugin:262 - Accepted Software Licenses: 
2023-02-08 17:59:58,062 [INFO] AnalyticsPlugin:264 - Accepted CMSIS Pack Licenses: 
2023-02-08 17:59:58,067 [INFO] AnalyticsPlugin:266 - Accepted Firmware Licenses: 
2023-02-08 17:59:58,094 [INFO] PluginManage:356 - Loaded plugin analytics (category:tool,tabindex:-1)
2023-02-08 17:59:58,097 [INFO] PluginManage:307 - Check plugin cadmodel
2023-02-08 17:59:59,137 [INFO] CADModel:104 - Init CAD model plugin
2023-02-08 17:59:59,140 [INFO] PluginManage:356 - Loaded plugin cadmodel (category:power,tabindex:5)
2023-02-08 17:59:59,141 [INFO] PluginManage:307 - Check plugin clock
2023-02-08 17:59:59,170 [INFO] PluginManage:356 - Loaded plugin clock (category:base,tabindex:2)
2023-02-08 17:59:59,172 [INFO] PluginManage:307 - Check plugin ddr
2023-02-08 17:59:59,177 [INFO] PluginManage:356 - Loaded plugin ddr (category:tool,tabindex:6)
2023-02-08 17:59:59,178 [INFO] PluginManage:307 - Check plugin filemanager
2023-02-08 17:59:59,350 [INFO] PluginManage:356 - Loaded plugin filemanager (category:base,tabindex:10)
2023-02-08 17:59:59,350 [INFO] PluginManage:307 - Check plugin ipmanager
2023-02-08 17:59:59,360 [INFO] PluginManage:356 - Loaded plugin ipmanager (category:base,tabindex:5)
2023-02-08 17:59:59,360 [INFO] PluginManage:307 - Check plugin lpbam
2023-02-08 17:59:59,368 [INFO] PluginManage:356 - Loaded plugin lpbam (category:base,tabindex:0)
2023-02-08 17:59:59,369 [INFO] PluginManage:307 - Check plugin pinoutandconfiguration
2023-02-08 17:59:59,374 [INFO] PluginManage:356 - Loaded plugin pinoutandconfiguration (category:base,tabindex:1)
2023-02-08 17:59:59,374 [INFO] PluginManage:307 - Check plugin pinoutconfig
2023-02-08 17:59:59,424 [INFO] PluginManage:356 - Loaded plugin pinoutconfig (category:base,tabindex:0)
2023-02-08 17:59:59,425 [INFO] PluginManage:307 - Check plugin power
2023-02-08 17:59:59,439 [INFO] PluginManage:356 - Loaded plugin power (category:power,tabindex:4)
2023-02-08 17:59:59,440 [INFO] PluginManage:307 - Check plugin projectmanager
2023-02-08 17:59:59,472 [INFO] PluginManage:356 - Loaded plugin projectmanager (category:projectmanager,tabindex:3)
2023-02-08 17:59:59,472 [INFO] PluginManage:307 - Check plugin thirdparty
2023-02-08 17:59:59,667 [WARN] IntegrityCheckThread:82 - waiting for thirdparty lock release [integrity check]
2023-02-08 17:59:59,668 [INFO] PluginManage:356 - Loaded plugin thirdparty (category:base,tabindex:-1)
2023-02-08 17:59:59,670 [INFO] IntegrityCheckThread:84 - entering critical section [integrity check]
2023-02-08 17:59:59,671 [INFO] PluginManage:307 - Check plugin tools
2023-02-08 17:59:59,683 [INFO] ThirdPartyUpdaterWithRetryManager:70 - Updater plugin not ready yet. [1/15]
2023-02-08 17:59:59,684 [INFO] PluginManage:356 - Loaded plugin tools (category:base,tabindex:7)
2023-02-08 17:59:59,684 [INFO] PluginManage:307 - Check plugin tutovideos
2023-02-08 17:59:59,872 [INFO] PluginManage:356 - Loaded plugin tutovideos (category:base,tabindex:-1)
2023-02-08 17:59:59,872 [INFO] PluginManage:307 - Check plugin updater
2023-02-08 17:59:59,895 [INFO] PluginManage:356 - Loaded plugin updater (category:base,tabindex:12)
2023-02-08 17:59:59,897 [INFO] PluginManage:280 - PluginManage : Loaded plugins [15]
2023-02-08 18:00:00,185 [INFO] PinOutPanel:1477 - setPackage(No Configuration,No Configuration)
2023-02-08 18:00:00,244 [INFO] CADModel:164 - CPN selected for project level
2023-02-08 18:00:00,244 [INFO] CADModel:113 - Register for checkConnection events
2023-02-08 18:00:00,255 [INFO] IPUIPlugin:79 - create IPUIPlugin
2023-02-08 18:00:00,256 [INFO] PluginManager:219 - loadIPPluginJar : add mdma
2023-02-08 18:00:00,262 [INFO] IPUIPlugin:79 - create IPUIPlugin
2023-02-08 18:00:00,262 [INFO] PluginManager:219 - loadIPPluginJar : add freertos
2023-02-08 18:00:00,266 [INFO] IPUIPlugin:79 - create IPUIPlugin
2023-02-08 18:00:00,266 [INFO] PluginManager:219 - loadIPPluginJar : add gic
2023-02-08 18:00:00,273 [INFO] IPUIPlugin:79 - create IPUIPlugin
2023-02-08 18:00:00,273 [INFO] PluginManager:219 - loadIPPluginJar : add adc
2023-02-08 18:00:00,275 [INFO] IPUIPlugin:79 - create IPUIPlugin
2023-02-08 18:00:00,275 [INFO] PluginManager:219 - loadIPPluginJar : add gtzc
2023-02-08 18:00:00,277 [INFO] IPUIPlugin:79 - create IPUIPlugin
2023-02-08 18:00:00,278 [INFO] PluginManager:219 - loadIPPluginJar : add quadspi
2023-02-08 18:00:00,279 [INFO] IPUIPlugin:79 - create IPUIPlugin
2023-02-08 18:00:00,279 [INFO] PluginManager:219 - loadIPPluginJar : add aes
2023-02-08 18:00:00,282 [INFO] IPUIPlugin:79 - create IPUIPlugin
2023-02-08 18:00:00,282 [INFO] PluginManager:219 - loadIPPluginJar : add pdm2pcm
2023-02-08 18:00:00,284 [INFO] IPUIPlugin:79 - create IPUIPlugin
2023-02-08 18:00:00,284 [INFO] PluginManager:219 - loadIPPluginJar : add hash
2023-02-08 18:00:00,286 [INFO] IPUIPlugin:79 - create IPUIPlugin
2023-02-08 18:00:00,287 [INFO] PluginManager:219 - loadIPPluginJar : add tim
2023-02-08 18:00:00,289 [INFO] IPUIPlugin:79 - create IPUIPlugin
2023-02-08 18:00:00,289 [INFO] PluginManager:219 - loadIPPluginJar : add tsc
2023-02-08 18:00:00,291 [INFO] IPUIPlugin:79 - create IPUIPlugin
2023-02-08 18:00:00,291 [INFO] PluginManager:219 - loadIPPluginJar : add ts
2023-02-08 18:00:00,293 [INFO] IPUIPlugin:79 - create IPUIPlugin
2023-02-08 18:00:00,294 [INFO] PluginManager:219 - loadIPPluginJar : add can
2023-02-08 18:00:00,295 [INFO] IPUIPlugin:79 - create IPUIPlugin
2023-02-08 18:00:00,295 [INFO] PluginManager:219 - loadIPPluginJar : add dma3
2023-02-08 18:00:00,296 [INFO] IPUIPlugin:79 - create IPUIPlugin
2023-02-08 18:00:00,296 [INFO] PluginManager:219 - loadIPPluginJar : add dfsdm
2023-02-08 18:00:00,297 [INFO] IPUIPlugin:79 - create IPUIPlugin
2023-02-08 18:00:00,297 [INFO] PluginManager:219 - loadIPPluginJar : add spi
2023-02-08 18:00:00,299 [INFO] IPUIPlugin:79 - create IPUIPlugin
2023-02-08 18:00:00,299 [INFO] PluginManager:219 - loadIPPluginJar : add gfxmmu
2023-02-08 18:00:00,300 [INFO] IPUIPlugin:79 - create IPUIPlugin
2023-02-08 18:00:00,300 [INFO] PluginManager:219 - loadIPPluginJar : add genericplugin
2023-02-08 18:00:00,301 [INFO] IPUIPlugin:79 - create IPUIPlugin
2023-02-08 18:00:00,302 [INFO] PluginManager:219 - loadIPPluginJar : add cryp
2023-02-08 18:00:00,305 [INFO] IPUIPlugin:79 - create IPUIPlugin
2023-02-08 18:00:00,309 [INFO] PluginManager:219 - loadIPPluginJar : add gpio
2023-02-08 18:00:00,311 [INFO] IPUIPlugin:79 - create IPUIPlugin
2023-02-08 18:00:00,311 [INFO] PluginManager:219 - loadIPPluginJar : add comp
2023-02-08 18:00:00,312 [INFO] IPUIPlugin:79 - create IPUIPlugin
2023-02-08 18:00:00,312 [INFO] PluginManager:219 - loadIPPluginJar : add tracer_emb
2023-02-08 18:00:00,314 [INFO] IPUIPlugin:79 - create IPUIPlugin
2023-02-08 18:00:00,315 [INFO] PluginManager:219 - loadIPPluginJar : add openamp
2023-02-08 18:00:00,318 [INFO] IPUIPlugin:79 - create IPUIPlugin
2023-02-08 18:00:00,318 [INFO] PluginManager:219 - loadIPPluginJar : add stm32_wpan
2023-02-08 18:00:00,322 [INFO] IPUIPlugin:79 - create IPUIPlugin
2023-02-08 18:00:00,325 [INFO] PluginManager:219 - loadIPPluginJar : add plateformsettings
2023-02-08 18:00:00,328 [INFO] IPUIPlugin:79 - create IPUIPlugin
2023-02-08 18:00:00,328 [INFO] PluginManager:219 - loadIPPluginJar : add ipddr
2023-02-08 18:00:00,330 [INFO] IPUIPlugin:79 - create IPUIPlugin
2023-02-08 18:00:00,331 [INFO] PluginManager:219 - loadIPPluginJar : add usart
2023-02-08 18:00:00,332 [INFO] IPUIPlugin:79 - create IPUIPlugin
2023-02-08 18:00:00,332 [INFO] PluginManager:219 - loadIPPluginJar : add ltdc
2023-02-08 18:00:00,335 [INFO] IPUIPlugin:79 - create IPUIPlugin
2023-02-08 18:00:00,335 [INFO] PluginManager:219 - loadIPPluginJar : add nvic
2023-02-08 18:00:00,336 [INFO] IPUIPlugin:79 - create IPUIPlugin
2023-02-08 18:00:00,336 [INFO] PluginManager:219 - loadIPPluginJar : add fatfs
2023-02-08 18:00:00,345 [INFO] IPUIPlugin:79 - create IPUIPlugin
2023-02-08 18:00:00,345 [INFO] PluginManager:219 - loadIPPluginJar : add linkedlist
2023-02-08 18:00:00,353 [INFO] IPUIPlugin:79 - create IPUIPlugin
2023-02-08 18:00:00,353 [INFO] PluginManager:219 - loadIPPluginJar : add dma
2023-02-08 18:00:00,358 [INFO] IPUIPlugin:79 - create IPUIPlugin
2023-02-08 18:00:00,358 [INFO] PluginManager:219 - loadIPPluginJar : add fmc
2023-02-08 18:00:00,359 [INFO] IPUIPlugin:79 - create IPUIPlugin
2023-02-08 18:00:00,359 [INFO] PluginManager:219 - loadIPPluginJar : add i2s
2023-02-08 18:00:00,360 [INFO] IPUIPlugin:79 - create IPUIPlugin
2023-02-08 18:00:00,360 [INFO] PluginManager:219 - loadIPPluginJar : add ucpd
2023-02-08 18:00:00,362 [INFO] IPUIPlugin:79 - create IPUIPlugin
2023-02-08 18:00:00,364 [INFO] PluginManager:219 - loadIPPluginJar : add lorawan
2023-02-08 18:00:00,369 [INFO] IPUIPlugin:79 - create IPUIPlugin
2023-02-08 18:00:00,369 [INFO] PluginManager:219 - loadIPPluginJar : add opamp
2023-02-08 18:00:00,370 [INFO] IPUIPlugin:79 - create IPUIPlugin
2023-02-08 18:00:00,371 [INFO] PluginManager:219 - loadIPPluginJar : add touchsensing
2023-02-08 18:00:00,372 [INFO] IPUIPlugin:79 - create IPUIPlugin
2023-02-08 18:00:00,372 [INFO] PluginManager:219 - loadIPPluginJar : add i2c
2023-02-08 18:00:00,374 [INFO] IPUIPlugin:79 - create IPUIPlugin
2023-02-08 18:00:00,375 [INFO] PluginManager:219 - loadIPPluginJar : add resmgrutility
2023-02-08 18:00:00,376 [INFO] IPUIPlugin:79 - create IPUIPlugin
2023-02-08 18:00:00,377 [INFO] PluginManager:219 - loadIPPluginJar : add sai
2023-02-08 18:00:00,379 [INFO] IPUIPlugin:79 - create IPUIPlugin
2023-02-08 18:00:00,379 [INFO] PluginManager:219 - loadIPPluginJar : add usbx
2023-02-08 18:00:00,683 [INFO] CADModel:164 - CPN selected for project level
2023-02-08 18:00:00,687 [INFO] CADModel:113 - Register for checkConnection events
2023-02-08 18:00:00,691 [FATAL] Updater:308 - Updater called before beeing initialized
2023-02-08 18:00:00,691 [ERROR] CADModel:124 - Updater not yet initialized, retry later 
2023-02-08 18:00:00,890 [INFO] CADModel:164 - CPN selected for project level
2023-02-08 18:00:00,893 [INFO] CADModel:113 - Register for checkConnection events
2023-02-08 18:00:00,895 [FATAL] Updater:308 - Updater called before beeing initialized
2023-02-08 18:00:00,896 [ERROR] CADModel:124 - Updater not yet initialized, retry later 
2023-02-08 18:00:00,898 [FATAL] Updater:308 - Updater called before beeing initialized
2023-02-08 18:00:01,443 [FATAL] Updater:308 - Updater called before beeing initialized
2023-02-08 18:00:01,461 [INFO] DbMcusAds:52 - JSON generation date=Thu Sep 30 15:55:09 KST 2021 (1632984909377)
2023-02-08 18:00:01,463 [FATAL] Updater:308 - Updater called before beeing initialized
2023-02-08 18:00:01,525 [WARN] DetailPanel:344 - Failed to get advertising image, set to default
2023-02-08 18:00:01,776 [FATAL] Updater:308 - Updater called before beeing initialized
2023-02-08 18:00:01,816 [FATAL] Updater:308 - Updater called before beeing initialized
2023-02-08 18:00:01,816 [FATAL] Updater:308 - Updater called before beeing initialized
2023-02-08 18:00:01,817 [WARN] DetailPanel:344 - Failed to get advertising image, set to default
2023-02-08 18:00:01,837 [FATAL] Updater:308 - Updater called before beeing initialized
2023-02-08 18:00:01,948 [ERROR] Updater:1120 - MainUpdater not yet initialized. External WinMGr cannot be set.
2023-02-08 18:00:02,003 [INFO] Updater:1056 - Updater Version found : 6.7.0
2023-02-08 18:00:02,022 [INFO] ApplicationProperties:181 - Using Application install path: /Applications/STM32CubeIDE.app/Contents/Eclipse/plugins/com.st.stm32cube.common.mx_6.7.0.202211181646
2023-02-08 18:00:02,483 [INFO] MainUpdater:2800 - connection check result : 10
2023-02-08 18:00:02,484 [INFO] MainUpdater:3494 - Updater definition file requires update
2023-02-08 18:00:02,485 [INFO] MainUpdater:282 - Updater Check For Update Now.
2023-02-08 18:00:02,487 [INFO] MicroXplorer:481 - Change Database Version : DB.6.0.70
2023-02-08 18:00:02,577 [INFO] ServerAccessManage:474 - Download File updaters.zip
2023-02-08 18:00:02,691 [WARN] MainUpdater:1186 - Updater busy. Cannot search thirdparties
2023-02-08 18:00:02,691 [INFO] ThirdPartyUpdaterWithRetryManager:96 - Updater plugin is busy. [1/15]
2023-02-08 18:00:02,781 [INFO] FileExtend:239 - Unzip File : updaters.zip
2023-02-08 18:00:02,781 [INFO] FileExtend:254 - Standard Zip Deflate
2023-02-08 18:00:03,119 [INFO] ServerAccessManage:474 - Download File PacksControlFlags.xml
2023-02-08 18:00:03,233 [INFO] ServerAccessManage:474 - Download File cubemx.pidx
2023-02-08 18:00:03,962 [INFO] ServerAccessManage:474 - Download File STMicroelectronics.X-CUBE-DISPLAY.pdsc
2023-02-08 18:00:04,571 [INFO] ServerAccessManage:474 - Download File STMicroelectronics.X-CUBE-MEMS1.pdsc
2023-02-08 18:00:05,697 [WARN] MainUpdater:1186 - Updater busy. Cannot search thirdparties
2023-02-08 18:00:05,698 [INFO] ThirdPartyUpdaterWithRetryManager:96 - Updater plugin is busy. [2/15]
2023-02-08 18:00:06,254 [INFO] ServerAccessManage:474 - Download File STMicroelectronics.X-CUBE-NFC4.pdsc
2023-02-08 18:00:07,753 [INFO] ServerAccessManage:474 - Download File STMicroelectronics.X-CUBE-TOUCHGFX.pdsc
2023-02-08 18:00:08,703 [WARN] MainUpdater:1186 - Updater busy. Cannot search thirdparties
2023-02-08 18:00:08,703 [INFO] ThirdPartyUpdaterWithRetryManager:96 - Updater plugin is busy. [3/15]
2023-02-08 18:00:09,162 [WARN] PackLoader:242 - Cannot read IP mode file for STMicroelectronics.X-CUBE-DISPLAY.3.0.0
2023-02-08 18:00:09,316 [INFO] CheckServerUpdateThread:119 - End of CheckServer Thread
2023-02-08 18:00:09,352 [INFO] MainUpdater:2800 - connection check result : 10
2023-02-08 18:00:09,360 [INFO] McuFinderGlobals:65 - Set McuFinderConnectedMode to true
2023-02-08 18:00:09,519 [WARN] PackLoader:242 - Cannot read IP mode file for STMicroelectronics.X-CUBE-MEMS1.9.5.0
2023-02-08 18:00:09,899 [WARN] PackLoader:242 - Cannot read IP mode file for STMicroelectronics.X-CUBE-NFC4.3.0.0
2023-02-08 18:00:09,978 [WARN] PackLoader:242 - Cannot read IP mode file for STMicroelectronics.X-CUBE-TOUCHGFX.4.21.1
2023-02-08 18:00:09,982 [INFO] PopulateThirdPartyThread:64 - Ending populate Thread
2023-02-08 18:00:09,998 [INFO] ThirdParty:999 - CMSIS Pack Vendor :STMicroelectronics X-CUBE-DISPLAY 3.0.0
2023-02-08 18:00:09,999 [ERROR] WebUtils:756 - 
java.lang.IndexOutOfBoundsException: Index 4 out of bounds for length 4
	at java.base/jdk.internal.util.Preconditions.outOfBounds(Preconditions.java:64)
	at java.base/jdk.internal.util.Preconditions.outOfBoundsCheckIndex(Preconditions.java:70)
	at java.base/jdk.internal.util.Preconditions.checkIndex(Preconditions.java:248)
	at java.base/java.util.Objects.checkIndex(Objects.java:372)
	at java.base/java.util.ArrayList.get(ArrayList.java:459)
	at java.desktop/java.awt.Container.createHierarchyEvents(Container.java:1466)
	at java.desktop/java.awt.Container.createHierarchyEvents(Container.java:1466)
	at java.desktop/java.awt.Container.createHierarchyEvents(Container.java:1466)
	at java.desktop/java.awt.Container.createHierarchyEvents(Container.java:1466)
	at java.desktop/java.awt.Container.createHierarchyEvents(Container.java:1466)
	at java.desktop/java.awt.Container.createHierarchyEvents(Container.java:1466)
	at java.desktop/java.awt.Dialog.conditionalShow(Dialog.java:953)
	at java.desktop/java.awt.Dialog.show(Dialog.java:1045)
	at com.st.microxplorer.plugins.updater.gui.ProgressBarDialog.startProgressBar(ProgressBarDialog.java:153)
	at com.st.microxplorer.plugins.updater.engine.MainUpdater.loadUrlFiles(MainUpdater.java:2455)
	at com.st.microxplorer.plugins.updater.Updater.getSpecificTask(Updater.java:366)
	at com.st.microxplorer.mcufinder.gui.WebUtils.downloadDbFile(WebUtils.java:611)
	at com.st.microxplorer.mcufinder.gui.WebUtils.downloadDbFiles(WebUtils.java:754)
	at com.st.stm32cube.common.mx.targetselector.TargetSelectorAdapter$5.run(TargetSelectorAdapter.java:256)
	at com.st.stm32cube.common.mx.oss.core.awtswtbridge.AwtEnvironment$2.run(AwtEnvironment.java:166)
	at java.desktop/java.awt.event.InvocationEvent.dispatch(InvocationEvent.java:313)
	at java.desktop/java.awt.EventQueue.dispatchEventImpl(EventQueue.java:770)
	at java.desktop/java.awt.EventQueue$4.run(EventQueue.java:721)
	at java.desktop/java.awt.EventQueue$4.run(EventQueue.java:715)
	at java.base/java.security.AccessController.doPrivileged(Native Method)
	at java.base/java.security.ProtectionDomain$JavaSecurityAccessImpl.doIntersectionPrivilege(ProtectionDomain.java:85)
	at java.desktop/java.awt.EventQueue.dispatchEvent(EventQueue.java:740)
	at java.desktop/java.awt.EventDispatchThread.pumpOneEventForFilters(EventDispatchThread.java:203)
	at java.desktop/java.awt.EventDispatchThread.pumpEventsForFilter(EventDispatchThread.java:124)
	at java.desktop/java.awt.EventDispatchThread.pumpEventsForHierarchy(EventDispatchThread.java:113)
	at java.desktop/java.awt.EventDispatchThread.pumpEvents(EventDispatchThread.java:109)
	at java.desktop/java.awt.EventDispatchThread.pumpEvents(EventDispatchThread.java:101)
	at java.desktop/java.awt.EventDispatchThread.run(EventDispatchThread.java:90)
2023-02-08 18:00:10,006 [INFO] ServerAccessManage:474 - Download File mcusAds.json._tmp_
2023-02-08 18:00:10,006 [INFO] ThirdParty:999 - CMSIS Pack Vendor :STMicroelectronics X-CUBE-TOUCHGFX 4.21.1
2023-02-08 18:00:10,024 [INFO] ThirdParty:999 - CMSIS Pack Vendor :STMicroelectronics X-CUBE-NFC4 3.0.0
2023-02-08 18:00:10,024 [INFO] ThirdParty:999 - CMSIS Pack Vendor :STMicroelectronics X-CUBE-MEMS1 9.5.0
2023-02-08 18:00:10,032 [INFO] LoadServerUpdatesThread:367 - End of LoadServerUpdate Thread
2023-02-08 18:00:10,150 [INFO] LoadUrlFilesThread:150 - End of LoadUrlFiles Thread
2023-02-08 18:00:11,560 [INFO] DbMcusAds:52 - JSON generation date=Thu Sep 30 15:55:09 KST 2021 (1632984909377)
2023-02-08 18:00:11,596 [ERROR] TargetSelectorAdapter:266 - Unable to refresh data
2023-02-08 18:00:11,840 [WARN] PackLoader:242 - Cannot read IP mode file for STMicroelectronics.X-CUBE-GNSS1.6.0.0
2023-02-08 18:00:11,972 [WARN] PackLoader:242 - Cannot read IP mode file for STMicroelectronics.X-CUBE-AZRTOS-F4.1.1.0
2023-02-08 18:00:12,027 [WARN] PackLoader:242 - Cannot read IP mode file for STMicroelectronics.X-CUBE-AZRTOS-F7.1.1.0
2023-02-08 18:00:12,041 [WARN] PackLoader:242 - Cannot read IP mode file for STMicroelectronics.X-CUBE-BLE1.6.2.4
2023-02-08 18:00:12,059 [WARN] PackLoader:242 - Cannot read IP mode file for emotas.I-CUBE-CANOPEN.1.1.3
2023-02-08 18:00:12,066 [WARN] PackLoader:242 - Cannot read IP mode file for STMicroelectronics.X-CUBE-NFC4.2.0.5
2023-02-08 18:00:12,077 [WARN] PackLoader:242 - Cannot read IP mode file for STMicroelectronics.X-CUBE-DISPLAY.3.0.0
2023-02-08 18:00:12,089 [WARN] PackLoader:242 - Cannot read IP mode file for wolfSSL.I-CUBE-wolfSSL.5.5.4
2023-02-08 18:00:12,093 [WARN] PackLoader:242 - Cannot read IP mode file for STMicroelectronics.X-CUBE-NFC7.1.0.0
2023-02-08 18:00:12,099 [WARN] PackLoader:242 - Cannot read IP mode file for STMicroelectronics.X-CUBE-EEPRMA1.4.1.0
2023-02-08 18:00:12,109 [WARN] PackLoader:242 - Cannot read IP mode file for STMicroelectronics.X-CUBE-SFXS2LP1.4.0.0
2023-02-08 18:00:12,115 [WARN] PackLoader:242 - Cannot read IP mode file for STMicroelectronics.X-CUBE-BLE2.3.3.0
2023-02-08 18:00:12,121 [WARN] PackLoader:242 - Cannot read IP mode file for STMicroelectronics.X-CUBE-DISPLAY.2.2.0
2023-02-08 18:00:12,135 [WARN] PackLoader:242 - Cannot read IP mode file for STMicroelectronics.X-CUBE-TOF1.3.2.0
2023-02-08 18:00:12,172 [WARN] PackLoader:242 - Cannot read IP mode file for STMicroelectronics.X-CUBE-AZRTOS-H7.3.0.0
2023-02-08 18:00:12,181 [WARN] PackLoader:242 - Cannot read IP mode file for STMicroelectronics.X-CUBE-ISPU.1.1.0
2023-02-08 18:00:12,192 [WARN] PackLoader:242 - Cannot read IP mode file for RoweBots.I-CUBE-UNISONRTOS.5.5.0-4
2023-02-08 18:00:12,195 [WARN] PackLoader:242 - Cannot read IP mode file for STMicroelectronics.X-CUBE-TOUCHGFX.4.21.1
2023-02-08 18:00:12,197 [WARN] PackLoader:242 - Cannot read IP mode file for STMicroelectronics.X-CUBE-TOUCHGFX.4.21.0
2023-02-08 18:00:12,251 [WARN] PackLoader:242 - Cannot read IP mode file for STMicroelectronics.X-CUBE-MEMS1.9.4.0
2023-02-08 18:00:12,381 [WARN] PackLoader:242 - Cannot read IP mode file for STMicroelectronics.X-CUBE-AI.7.3.0
2023-02-08 18:00:12,392 [WARN] PackLoader:242 - Cannot read IP mode file for STMicroelectronics.X-CUBE-ALGOBUILD.1.3.0
2023-02-08 18:00:12,414 [WARN] PackLoader:242 - Cannot read IP mode file for STMicroelectronics.X-CUBE-AZRTOS-L5.1.1.0
2023-02-08 18:00:12,471 [WARN] PackLoader:242 - Cannot read IP mode file for STMicroelectronics.X-CUBE-AZRTOS-G0.1.1.0
2023-02-08 18:00:12,490 [WARN] PackLoader:242 - Cannot read IP mode file for STMicroelectronics.X-CUBE-SUBG2.5.0.0
2023-02-08 18:00:12,506 [WARN] PackLoader:242 - Cannot read IP mode file for STMicroelectronics.X-CUBE-NFC4.3.0.0
2023-02-08 18:00:12,515 [WARN] PackLoader:242 - Cannot read IP mode file for STMicroelectronics.FP-ATR-ASTRA1.1.1.1
2023-02-08 18:00:12,527 [WARN] PackLoader:242 - Cannot read IP mode file for STMicroelectronics.X-CUBE-BLEMGR.1.3.0
2023-02-08 18:00:12,547 [WARN] PackLoader:242 - Cannot read IP mode file for STMicroelectronics.X-CUBE-AZRTOS-G4.1.0.0
2023-02-08 18:00:12,553 [WARN] PackLoader:242 - Cannot read IP mode file for STMicroelectronics.FP-ATR-SIGFOX1.3.2.0
2023-02-08 18:00:12,576 [WARN] PackLoader:242 - Cannot read IP mode file for STMicroelectronics.X-CUBE-AZRTOS-L4.1.0.0
2023-02-08 18:00:12,606 [WARN] PackLoader:242 - Cannot read IP mode file for STMicroelectronics.X-CUBE-AZRTOS-WL.1.0.0
2023-02-08 18:00:12,613 [WARN] PackLoader:242 - Cannot read IP mode file for portGmbH.I-Cube-SoM-uGOAL.1.1.0
2023-02-08 18:00:12,618 [WARN] PackLoader:242 - Cannot read IP mode file for STMicroelectronics.X-CUBE-ALS.1.0.1
2023-02-08 18:00:12,633 [INFO] ApiDb:580 - Connected to CubeFinder SQLite database (/Users/seokhun/.stmcufinder/plugins/mcufinder/mcu/cube-finder-db.db)
2023-02-08 18:00:12,675 [WARN] PackLoader:242 - Cannot read IP mode file for STMicroelectronics.X-CUBE-MEMS1.9.5.0
2023-02-08 18:00:12,687 [INFO] ApiDb:667 - CubeFinder database Data Model version=2.1
2023-02-08 18:00:12,687 [INFO] ApiDb:668 - CubeFinder database Configuration version=3.0.35
2023-02-08 18:00:12,688 [INFO] ApiDb:669 - CubeFinder database generation date=2022-12-20 (1671519758)
2023-02-08 18:00:12,688 [INFO] ApiDb:670 - CubeFinder database FW Pack versions=[FP-ATR-ASTRA1_V1.1.1, STM32Cube_FW_C0_V1.0.0, STM32Cube_FW_F4_V1.27.1, STM32Cube_FW_F7_V1.17.0, STM32Cube_FW_G0_V1.6.1, STM32Cube_FW_G4_V1.5.0, STM32Cube_FW_H5_V0.5.1, STM32Cube_FW_H7_V1.11.0, STM32Cube_FW_L5_V1.5.0, STM32Cube_FW_U5_V1.1.1, STM32Cube_FW_WBA_V0.2.0, STM32Cube_FW_WB_V1.15.0, STM32Cube_FW_WB_V1.15.0RC1, STM32Cube_FW_WL_V1.3.0, X-CUBE-ALGOBUILD_V1.3.0, X-CUBE-ALS_V1.0.1, X-CUBE-AZRTOS-F4_V1.1.0, X-CUBE-AZRTOS-F7_V1.1.0, X-CUBE-AZRTOS-G0_V1.1.0, X-CUBE-AZRTOS-G4_V1.0.0, X-CUBE-AZRTOS-H7_V2.1.0, X-CUBE-AZRTOS-L4_V1.0.0, X-CUBE-AZRTOS-L5_V1.0.0, X-CUBE-AZRTOS-WL_V1.0.0, X-CUBE-BLE1_V6.2.4, X-CUBE-BLE2_V3.3.0, X-CUBE-BLEMGR_V1.3.0, X-CUBE-EEPRMA1_V4.1.0, X-CUBE-GNSS1_V6.0.0, X-CUBE-MEMS1_V9.1.0, X-CUBE-MEMS1_V9.3.0, X-CUBE-MEMS1_V9.4.0, X-CUBE-NFC4_V2.0.5, X-CUBE-NFC7_V1.0.0, X-CUBE-SFXS2LP1_V4.0.0, X-CUBE-SUBG2_V5.0.0]
2023-02-08 18:00:12,828 [WARN] PackLoader:242 - Cannot read IP mode file for STMicroelectronics.X-CUBE-AZRTOS-WB.1.1.0
2023-02-08 18:00:12,882 [WARN] PackLoader:242 - Cannot read IP mode file for SEGGER.I-CUBE-embOS.1.3.0
2023-02-08 18:00:12,927 [INFO] ThirdParty:947 - Integrity check success = true
2023-02-08 18:00:12,928 [INFO] IntegrityCheckThread:98 - exiting critical section [integrity check]
2023-02-08 18:00:12,928 [INFO] IntegrityCheckThread:101 - End integrity checks thread
2023-02-08 18:00:13,955 [INFO] ApiDb:239 - Found 143 in-development CPN: [B-WB1M-WPAN1, B-WL5M-SUBG1, NUCLEO-C031C6, STEVAL-PROTEUS1, STEVAL-STWINBX1, STM320518-EVAL, STM32C0116-DK, STM32C011D6Y3TR, STM32C011D6Y6TR, STM32C011F4P3, STM32C011F4P6, STM32C011F4U3, STM32C011F4U6TR, STM32C011F6P3, STM32C011F6P6, STM32C011F6U3, STM32C011F6U6TR, STM32C011J4M3, STM32C011J4M6, STM32C011J6M3, STM32C011J6M6, STM32C0316-DK, STM32C031C4T3, STM32C031C4T6, STM32C031C4U3, STM32C031C4U6, STM32C031C6T3, STM32C031C6T6, STM32C031C6U3, STM32C031C6U6, STM32C031F4P3, STM32C031F4P6, STM32C031F6P3, STM32C031F6P6, STM32C031G4U3, STM32C031G4U6, STM32C031G6U3, STM32C031G6U6, STM32C031K4T3, STM32C031K4T6, STM32C031K4U3, STM32C031K4U6, STM32C031K6T3, STM32C031K6T6, STM32C031K6U3, STM32C031K6U6, STM32G071K8TXN, STM32G071K8UXN, STM32G081GBU6N, STM32G081KBT6N, STM32G081KBUXN, STM32G0B1CCT6N, STM32G0B1KCT6, STM32G0B1NEY6TR, STM32G0B1RCT6N, STM32G0C1CCT6, STM32G0C1CCT6N, STM32G0C1CCU6N, STM32G0C1CET6N, STM32G0C1CEU6N, STM32G0C1KCT6, STM32G0C1NEY6TR, STM32G0C1RCI6N, STM32G0C1RCT6N, STM32G0C1REI6N, STM32G0C1RET6N, STM32G0C1VCI6, STM32G0C1VEI6, STM32G471CCT6, STM32G471CCU6, STM32G471CET3, STM32G471CET6, STM32G471CEU3, STM32G471CEU6, STM32G471MCT6, STM32G471MET3, STM32G471MET6, STM32G471MEY6TR, STM32G471QCT6, STM32G471QET3, STM32G471RCT6, STM32G471RET3, STM32G471RET6, STM32G471VCH6, STM32G471VCI6, STM32G471VCT6, STM32G471VEH3, STM32G471VEH6, STM32G471VEI3, STM32G471VEI6, STM32G471VET3, STM32G471VET6, STM32G474CCT6, STM32L476VGY6PTR, STM32L4R5QGI6STR, STM32MP131AAE3, STM32MP131AAF3, STM32MP131AAG3, STM32MP131CAE3, STM32MP131CAF3, STM32MP131CAG3, STM32MP131DAE7, STM32MP131DAF7, STM32MP131DAG7, STM32MP131FAE7, STM32MP131FAF7, STM32MP131FAG7, STM32MP133AAE3, STM32MP133AAF3, STM32MP133AAG3, STM32MP133CAE3, STM32MP133CAF3, STM32MP133CAG3, STM32MP133DAE7, STM32MP133DAF7, STM32MP133DAG7, STM32MP133FAE7, STM32MP133FAF7, STM32MP133FAG7, STM32MP135AAE3, STM32MP135AAF3, STM32MP135AAG3, STM32MP135CAE3, STM32MP135CAF3, STM32MP135CAG3, STM32MP135DAE7, STM32MP135DAF7, STM32MP135DAG7, STM32MP135F-DK, STM32MP135FAE7, STM32MP135FAF7, STM32MP135FAF7T, STM32MP135FAF7U, STM32MP135FAG7, STM32U595ZJT6Q, STM32U599BJY6QTR, STM32U599NIH6Q, STM32U599NJH6Q, STM32U5A5ZJT6Q, STM32U5A9BJY6QTR, STM32U5A9NJH6Q, STM32WB1MMCH6, STM32WL5MOCH6TR]
2023-02-08 18:00:13,961 [INFO] DbMcus:215 - Found 3582 MCUs, 3582 are supported
2023-02-08 18:00:13,964 [INFO] ApiDb:422 - Load user favorites file /Users/seokhun/.stm32cubeide/favorites.mcus.txt: 0 item(s)
2023-02-08 18:00:13,965 [INFO] ApiDb:426 - User favorites MCUs=[]
2023-02-08 18:00:13,965 [INFO] DbMcus:221 - Set 0 / 0 favorites MCUs
2023-02-08 18:00:14,152 [INFO] McuFinderGlobals:65 - Set McuFinderConnectedMode to true
2023-02-08 18:00:14,163 [INFO] MultiScanPanel:196 - Auto-refresh data requested => check proxy status ongoing
2023-02-08 18:00:14,166 [INFO] FinderPluginLoader:92 - Searching for filters in installed packs
2023-02-08 18:00:15,656 [INFO] LoadUrlFilesThread:179 - End of LoadServerUrlFiles without Thread
2023-02-08 18:00:15,668 [INFO] DetailPanel:339 - Set advertising image to /Users/seokhun/STM32Cube/Repository//en.Prom_NBSTM32U50921.jpg
2023-02-08 18:00:16,409 [INFO] ApiDb:667 - CubeFinder database Data Model version=2.1
2023-02-08 18:00:16,412 [INFO] ApiDb:668 - CubeFinder database Configuration version=3.0.35
2023-02-08 18:00:16,412 [INFO] ApiDb:669 - CubeFinder database generation date=2022-12-20 (1671519758)
2023-02-08 18:00:16,413 [INFO] ApiDb:670 - CubeFinder database FW Pack versions=[FP-ATR-ASTRA1_V1.1.1, STM32Cube_FW_C0_V1.0.0, STM32Cube_FW_F4_V1.27.1, STM32Cube_FW_F7_V1.17.0, STM32Cube_FW_G0_V1.6.1, STM32Cube_FW_G4_V1.5.0, STM32Cube_FW_H5_V0.5.1, STM32Cube_FW_H7_V1.11.0, STM32Cube_FW_L5_V1.5.0, STM32Cube_FW_U5_V1.1.1, STM32Cube_FW_WBA_V0.2.0, STM32Cube_FW_WB_V1.15.0, STM32Cube_FW_WB_V1.15.0RC1, STM32Cube_FW_WL_V1.3.0, X-CUBE-ALGOBUILD_V1.3.0, X-CUBE-ALS_V1.0.1, X-CUBE-AZRTOS-F4_V1.1.0, X-CUBE-AZRTOS-F7_V1.1.0, X-CUBE-AZRTOS-G0_V1.1.0, X-CUBE-AZRTOS-G4_V1.0.0, X-CUBE-AZRTOS-H7_V2.1.0, X-CUBE-AZRTOS-L4_V1.0.0, X-CUBE-AZRTOS-L5_V1.0.0, X-CUBE-AZRTOS-WL_V1.0.0, X-CUBE-BLE1_V6.2.4, X-CUBE-BLE2_V3.3.0, X-CUBE-BLEMGR_V1.3.0, X-CUBE-EEPRMA1_V4.1.0, X-CUBE-GNSS1_V6.0.0, X-CUBE-MEMS1_V9.1.0, X-CUBE-MEMS1_V9.3.0, X-CUBE-MEMS1_V9.4.0, X-CUBE-NFC4_V2.0.5, X-CUBE-NFC7_V1.0.0, X-CUBE-SFXS2LP1_V4.0.0, X-CUBE-SUBG2_V5.0.0]
2023-02-08 18:00:16,462 [INFO] DbBoardsSqlite:225 - include board P-NUCLEO-WB55-NUCLEO as a kit item of type 'Nucleo-64'
2023-02-08 18:00:16,463 [INFO] DbBoardsSqlite:225 - include board P-NUCLEO-WB55-USBDONGLE as a kit item of type 'Nucleo USB Dongle'
2023-02-08 18:00:16,463 [INFO] DbBoardsSqlite:225 - include board STEVAL-IDP005V1 as a kit item of type 'Evaluation Board'
2023-02-08 18:00:16,463 [INFO] DbBoardsSqlite:225 - include board STEVAL-IDP005V2 as a kit item of type 'Evaluation Board'
2023-02-08 18:00:16,488 [INFO] ApiDb:239 - Found 143 in-development CPN: [B-WB1M-WPAN1, B-WL5M-SUBG1, NUCLEO-C031C6, STEVAL-PROTEUS1, STEVAL-STWINBX1, STM320518-EVAL, STM32C0116-DK, STM32C011D6Y3TR, STM32C011D6Y6TR, STM32C011F4P3, STM32C011F4P6, STM32C011F4U3, STM32C011F4U6TR, STM32C011F6P3, STM32C011F6P6, STM32C011F6U3, STM32C011F6U6TR, STM32C011J4M3, STM32C011J4M6, STM32C011J6M3, STM32C011J6M6, STM32C0316-DK, STM32C031C4T3, STM32C031C4T6, STM32C031C4U3, STM32C031C4U6, STM32C031C6T3, STM32C031C6T6, STM32C031C6U3, STM32C031C6U6, STM32C031F4P3, STM32C031F4P6, STM32C031F6P3, STM32C031F6P6, STM32C031G4U3, STM32C031G4U6, STM32C031G6U3, STM32C031G6U6, STM32C031K4T3, STM32C031K4T6, STM32C031K4U3, STM32C031K4U6, STM32C031K6T3, STM32C031K6T6, STM32C031K6U3, STM32C031K6U6, STM32G071K8TXN, STM32G071K8UXN, STM32G081GBU6N, STM32G081KBT6N, STM32G081KBUXN, STM32G0B1CCT6N, STM32G0B1KCT6, STM32G0B1NEY6TR, STM32G0B1RCT6N, STM32G0C1CCT6, STM32G0C1CCT6N, STM32G0C1CCU6N, STM32G0C1CET6N, STM32G0C1CEU6N, STM32G0C1KCT6, STM32G0C1NEY6TR, STM32G0C1RCI6N, STM32G0C1RCT6N, STM32G0C1REI6N, STM32G0C1RET6N, STM32G0C1VCI6, STM32G0C1VEI6, STM32G471CCT6, STM32G471CCU6, STM32G471CET3, STM32G471CET6, STM32G471CEU3, STM32G471CEU6, STM32G471MCT6, STM32G471MET3, STM32G471MET6, STM32G471MEY6TR, STM32G471QCT6, STM32G471QET3, STM32G471RCT6, STM32G471RET3, STM32G471RET6, STM32G471VCH6, STM32G471VCI6, STM32G471VCT6, STM32G471VEH3, STM32G471VEH6, STM32G471VEI3, STM32G471VEI6, STM32G471VET3, STM32G471VET6, STM32G474CCT6, STM32L476VGY6PTR, STM32L4R5QGI6STR, STM32MP131AAE3, STM32MP131AAF3, STM32MP131AAG3, STM32MP131CAE3, STM32MP131CAF3, STM32MP131CAG3, STM32MP131DAE7, STM32MP131DAF7, STM32MP131DAG7, STM32MP131FAE7, STM32MP131FAF7, STM32MP131FAG7, STM32MP133AAE3, STM32MP133AAF3, STM32MP133AAG3, STM32MP133CAE3, STM32MP133CAF3, STM32MP133CAG3, STM32MP133DAE7, STM32MP133DAF7, STM32MP133DAG7, STM32MP133FAE7, STM32MP133FAF7, STM32MP133FAG7, STM32MP135AAE3, STM32MP135AAF3, STM32MP135AAG3, STM32MP135CAE3, STM32MP135CAF3, STM32MP135CAG3, STM32MP135DAE7, STM32MP135DAF7, STM32MP135DAG7, STM32MP135F-DK, STM32MP135FAE7, STM32MP135FAF7, STM32MP135FAF7T, STM32MP135FAF7U, STM32MP135FAG7, STM32U595ZJT6Q, STM32U599BJY6QTR, STM32U599NIH6Q, STM32U599NJH6Q, STM32U5A5ZJT6Q, STM32U5A9BJY6QTR, STM32U5A9NJH6Q, STM32WB1MMCH6, STM32WL5MOCH6TR]
2023-02-08 18:00:16,610 [INFO] BoardInfo:879 - No configuration file found for board P-NUCLEO-WB55
2023-02-08 18:00:16,611 [INFO] DbBoards:156 - Kit is not supported: P-NUCLEO-WB55
2023-02-08 18:00:16,615 [INFO] BoardInfo:879 - No configuration file found for board STEVAL-BFA001V1B
2023-02-08 18:00:16,615 [INFO] DbBoards:156 - Kit is not supported: STEVAL-BFA001V1B
2023-02-08 18:00:16,616 [INFO] BoardInfo:879 - No configuration file found for board STEVAL-BFA001V2B
2023-02-08 18:00:16,617 [INFO] DbBoards:156 - Kit is not supported: STEVAL-BFA001V2B
2023-02-08 18:00:16,721 [INFO] DbBoards:160 - Found 179 boards, 176 are supported
2023-02-08 18:00:16,729 [INFO] ApiDb:422 - Load user favorites file /Users/seokhun/.stm32cubeide/favorites.boards.txt: 0 item(s)
2023-02-08 18:00:16,730 [INFO] ApiDb:426 - User favorites Boards=[]
2023-02-08 18:00:16,730 [INFO] DbBoards:189 - Set 0 / 0 favorites Boards
2023-02-08 18:00:21,069 [INFO] McuFinderGlobals:65 - Set McuFinderConnectedMode to true
2023-02-08 18:00:21,423 [INFO] ApiDb:447 - Save user favorites file /Users/seokhun/.stm32cubeide/favorites.mcus.txt: 0 item(s)
2023-02-08 18:00:21,425 [INFO] ApiDb:451 - User favorites MCUs=[]
2023-02-08 18:01:26,671 [INFO] JxBrowserEngine:114 - Initiate JxBrowser Engine with user profile folder
2023-02-08 18:01:28,429 [INFO] WebAppUi:459 - Close the Jxbrowser engine manually
2023-02-08 18:01:28,443 [INFO] WebAppUi:462 - Profiles folder deleted
2023-02-08 18:01:29,021 [ERROR] LogOutputStream:74 - [STDERR_REDIRECT] 
2023-02-09 15:59:35,886 [INFO] Activator:179 - 


2023-02-09 15:59:35,888 [INFO] Activator:180 - !SESSION log4j initialized
2023-02-09 15:59:39,894 [ERROR] LogOutputStream:74 - [STDERR_REDIRECT] 
